<?xml version="1.0" encoding="UTF-8"?>
<!-- Generated by org.testng.reporters.JUnitXMLReporter -->
<testsuite ignored="0" hostname="anh" failures="0" tests="4" name="Regression suite 1" time="0.034" errors="0" timestamp="2025-03-21T17:04:20 ICT">
  <testcase classname="fpoly.demo1" name="firstTestCase" time="0.007"/>
  <testcase classname="fpoly.demo1" name="secondTestCase" time="0.001"/>
  <testcase classname="fpoly.demo2" name="firstTestCase" time="0.001"/>
  <testcase classname="fpoly.demo2" name="secondTestCase" time="0.001"/>
</testsuite> <!-- Regression suite 1 -->
