<?xml version="1.0" encoding="UTF-8"?>
<!-- Generated by org.testng.reporters.JUnitXMLReporter -->
<testsuite ignored="1" hostname="anh" failures="0" tests="3" name="testing" time="0.033" errors="0" timestamp="2025-03-21T17:26:44 ICT">
  <testcase classname="polyb4.testgroups" name="testCaseFour" time="0.007"/>
  <testcase classname="polyb4.testgroups" name="testCaseOne" time="0.0"/>
  <testcase classname="polyb4.testgroups" name="testCaseTwo" time="0.002"/>
  <testcase classname="polyb4.testgroups" name="testCaseThree" time="0.0">
    <ignored/>
  </testcase> <!-- testCaseThree -->
</testsuite> <!-- testing -->
