<?xml version="1.0" encoding="UTF-8"?>
<!-- Generated by org.testng.reporters.JUnitXMLReporter -->
<testsuite ignored="0" hostname="anh" failures="0" tests="4" name="Default test" time="32.25" errors="0" timestamp="2025-04-04T19:47:12 ICT">
  <testcase classname="poly.com.lab6" name="testLogin" time="7.639"/>
  <testcase classname="poly.com.lab6" name="testLogin" time="7.27"/>
  <testcase classname="poly.com.lab6" name="testLogin" time="7.626"/>
  <testcase classname="poly.com.lab6" name="testLogin" time="1.059"/>
</testsuite> <!-- Default test -->
