<?xml version="1.0" encoding="UTF-8"?>
<testng-results ignored="0" total="5" passed="5" failed="0" skipped="0">
  <reporter-output>
  </reporter-output>
  <suite started-at="2025-04-14T00:15:58 ICT" name="Default suite" finished-at="2025-04-14T00:15:58 ICT" duration-ms="38">
    <groups>
    </groups>
    <test started-at="2025-04-14T00:15:58 ICT" name="Default test" finished-at="2025-04-14T00:15:58 ICT" duration-ms="38">
      <class name="poly.com.lab8ktnc.CalculatorTest">
        <test-method signature="testAdd()[pri:0, instance:poly.com.lab8ktnc.CalculatorTest@6973b51b]" started-at="2025-04-14T00:15:58 ICT" name="testAdd" finished-at="2025-04-14T00:15:58 ICT" duration-ms="5" status="PASS">
          <reporter-output>
          </reporter-output>
        </test-method> <!-- testAdd -->
        <test-method signature="testDivide()[pri:0, instance:poly.com.lab8ktnc.CalculatorTest@6973b51b]" started-at="2025-04-14T00:15:58 ICT" name="testDivide" finished-at="2025-04-14T00:15:58 ICT" duration-ms="1" status="PASS">
          <reporter-output>
          </reporter-output>
        </test-method> <!-- testDivide -->
        <test-method signature="testDivideByZero()[pri:0, instance:poly.com.lab8ktnc.CalculatorTest@6973b51b]" started-at="2025-04-14T00:15:58 ICT" name="testDivideByZero" finished-at="2025-04-14T00:15:58 ICT" duration-ms="1" status="PASS">
          <exception class="java.lang.IllegalArgumentException">
            <message>
              <![CDATA[Không chia được cho 0]]>
            </message>
            <full-stacktrace>
              <![CDATA[java.lang.IllegalArgumentException: Không chia được cho 0
at poly.com.lab8ktnc.Calculator.divide(Calculator.java:14)
at poly.com.lab8ktnc.CalculatorTest.testDivideByZero(CalculatorTest.java:34)
at java.base/jdk.internal.reflect.NativeMethodAccessorImpl.invoke0(Native Method)
at java.base/jdk.internal.reflect.NativeMethodAccessorImpl.invoke(NativeMethodAccessorImpl.java:77)
at java.base/jdk.internal.reflect.DelegatingMethodAccessorImpl.invoke(DelegatingMethodAccessorImpl.java:43)
at java.base/java.lang.reflect.Method.invoke(Method.java:568)
at org.testng.internal.invokers.MethodInvocationHelper.invokeMethod(MethodInvocationHelper.java:139)
at org.testng.internal.invokers.TestInvoker.invokeMethod(TestInvoker.java:664)
at org.testng.internal.invokers.TestInvoker.invokeTestMethod(TestInvoker.java:227)
at org.testng.internal.invokers.MethodRunner.runInSequence(MethodRunner.java:50)
at org.testng.internal.invokers.TestInvoker$MethodInvocationAgent.invoke(TestInvoker.java:957)
at org.testng.internal.invokers.TestInvoker.invokeTestMethods(TestInvoker.java:200)
at org.testng.internal.invokers.TestMethodWorker.invokeTestMethods(TestMethodWorker.java:148)
at org.testng.internal.invokers.TestMethodWorker.run(TestMethodWorker.java:128)
at java.base/java.util.ArrayList.forEach(ArrayList.java:1511)
at org.testng.TestRunner.privateRun(TestRunner.java:848)
at org.testng.TestRunner.run(TestRunner.java:621)
at org.testng.SuiteRunner.runTest(SuiteRunner.java:443)
at org.testng.SuiteRunner.runSequentially(SuiteRunner.java:437)
at org.testng.SuiteRunner.privateRun(SuiteRunner.java:397)
at org.testng.SuiteRunner.run(SuiteRunner.java:336)
at org.testng.SuiteRunnerWorker.runSuite(SuiteRunnerWorker.java:52)
at org.testng.SuiteRunnerWorker.run(SuiteRunnerWorker.java:95)
at org.testng.TestNG.runSuitesSequentially(TestNG.java:1280)
at org.testng.TestNG.runSuitesLocally(TestNG.java:1200)
at org.testng.TestNG.runSuites(TestNG.java:1114)
at org.testng.TestNG.run(TestNG.java:1082)
at org.testng.remote.AbstractRemoteTestNG.run(AbstractRemoteTestNG.java:115)
at org.testng.remote.RemoteTestNG.initAndRun(RemoteTestNG.java:293)
at org.testng.remote.RemoteTestNG.main(RemoteTestNG.java:91)
]]>
            </full-stacktrace>
          </exception> <!-- java.lang.IllegalArgumentException -->
          <reporter-output>
          </reporter-output>
        </test-method> <!-- testDivideByZero -->
        <test-method signature="testMultiply()[pri:0, instance:poly.com.lab8ktnc.CalculatorTest@6973b51b]" started-at="2025-04-14T00:15:58 ICT" name="testMultiply" finished-at="2025-04-14T00:15:58 ICT" duration-ms="1" status="PASS">
          <reporter-output>
          </reporter-output>
        </test-method> <!-- testMultiply -->
        <test-method signature="testSubtract()[pri:0, instance:poly.com.lab8ktnc.CalculatorTest@6973b51b]" started-at="2025-04-14T00:15:58 ICT" name="testSubtract" finished-at="2025-04-14T00:15:58 ICT" duration-ms="1" status="PASS">
          <reporter-output>
          </reporter-output>
        </test-method> <!-- testSubtract -->
      </class> <!-- poly.com.lab8ktnc.CalculatorTest -->
    </test> <!-- Default test -->
  </suite> <!-- Default suite -->
</testng-results>
